{"media/script/cobra.js":{"path":"media/script/cobra.js","s":{"1":1,"2":1,"3":1,"4":1,"5":1,"6":1,"7":1,"8":1,"9":1,"10":1,"11":1,"12":1,"13":1,"14":1,"15":0,"16":0,"17":0,"18":1,"19":0,"20":1,"21":0,"22":1,"23":1,"24":1,"25":1,"26":1,"27":1,"28":1,"29":0,"30":0,"31":1,"32":1,"33":1,"34":1,"35":1},"b":{"1":[0,0],"2":[1,0],"3":[0,0]},"f":{"1":1,"2":1,"3":1,"4":0,"5":0,"6":0,"7":1,"8":0,"9":0,"10":0,"11":0,"12":0,"13":0},"fnMap":{"1":{"name":"Cobra","line":7,"loc":{"start":{"line":7,"column":0},"end":{"line":7,"column":16}}},"2":{"name":"(anonymous_2)","line":15,"loc":{"start":{"line":15,"column":26},"end":{"line":15,"column":39}}},"3":{"name":"(anonymous_3)","line":20,"loc":{"start":{"line":20,"column":30},"end":{"line":20,"column":41}}},"4":{"name":"(anonymous_4)","line":25,"loc":{"start":{"line":25,"column":30},"end":{"line":25,"column":44}}},"5":{"name":"(anonymous_5)","line":32,"loc":{"start":{"line":32,"column":41},"end":{"line":32,"column":56}}},"6":{"name":"(anonymous_6)","line":36,"loc":{"start":{"line":36,"column":39},"end":{"line":36,"column":54}}},"7":{"name":"(anonymous_7)","line":41,"loc":{"start":{"line":41,"column":27},"end":{"line":41,"column":45}}},"8":{"name":"(anonymous_8)","line":50,"loc":{"start":{"line":50,"column":30},"end":{"line":50,"column":65}}},"9":{"name":"(anonymous_9)","line":56,"loc":{"start":{"line":56,"column":37},"end":{"line":56,"column":47}}},"10":{"name":"(anonymous_10)","line":60,"loc":{"start":{"line":60,"column":42},"end":{"line":60,"column":55}}},"11":{"name":"(anonymous_11)","line":64,"loc":{"start":{"line":64,"column":35},"end":{"line":64,"column":53}}},"12":{"name":"(anonymous_12)","line":68,"loc":{"start":{"line":68,"column":43},"end":{"line":68,"column":57}}},"13":{"name":"(anonymous_13)","line":73,"loc":{"start":{"line":73,"column":41},"end":{"line":73,"column":55}}}},"statementMap":{"1":{"start":{"line":7,"column":0},"end":{"line":13,"column":1}},"2":{"start":{"line":8,"column":4},"end":{"line":8,"column":20}},"3":{"start":{"line":9,"column":4},"end":{"line":9,"column":23}},"4":{"start":{"line":10,"column":4},"end":{"line":10,"column":27}},"5":{"start":{"line":11,"column":4},"end":{"line":11,"column":25}},"6":{"start":{"line":12,"column":4},"end":{"line":12,"column":25}},"7":{"start":{"line":15,"column":0},"end":{"line":39,"column":1}},"8":{"start":{"line":16,"column":4},"end":{"line":16,"column":20}},"9":{"start":{"line":17,"column":4},"end":{"line":17,"column":19}},"10":{"start":{"line":18,"column":4},"end":{"line":18,"column":34}},"11":{"start":{"line":20,"column":4},"end":{"line":23,"column":7}},"12":{"start":{"line":21,"column":8},"end":{"line":21,"column":30}},"13":{"start":{"line":22,"column":8},"end":{"line":22,"column":34}},"14":{"start":{"line":25,"column":4},"end":{"line":30,"column":7}},"15":{"start":{"line":27,"column":8},"end":{"line":28,"column":42}},"16":{"start":{"line":28,"column":12},"end":{"line":28,"column":42}},"17":{"start":{"line":29,"column":8},"end":{"line":29,"column":42}},"18":{"start":{"line":32,"column":4},"end":{"line":34,"column":7}},"19":{"start":{"line":33,"column":8},"end":{"line":33,"column":44}},"20":{"start":{"line":36,"column":4},"end":{"line":38,"column":7}},"21":{"start":{"line":37,"column":7},"end":{"line":37,"column":41}},"22":{"start":{"line":41,"column":0},"end":{"line":48,"column":1}},"23":{"start":{"line":42,"column":4},"end":{"line":42,"column":20}},"24":{"start":{"line":43,"column":4},"end":{"line":47,"column":5}},"25":{"start":{"line":44,"column":8},"end":{"line":44,"column":47}},"26":{"start":{"line":45,"column":8},"end":{"line":45,"column":33}},"27":{"start":{"line":46,"column":8},"end":{"line":46,"column":40}},"28":{"start":{"line":50,"column":0},"end":{"line":54,"column":1}},"29":{"start":{"line":51,"column":4},"end":{"line":53,"column":5}},"30":{"start":{"line":52,"column":8},"end":{"line":52,"column":131}},"31":{"start":{"line":56,"column":0},"end":{"line":58,"column":1}},"32":{"start":{"line":60,"column":0},"end":{"line":62,"column":1}},"33":{"start":{"line":64,"column":0},"end":{"line":66,"column":1}},"34":{"start":{"line":68,"column":0},"end":{"line":71,"column":1}},"35":{"start":{"line":73,"column":0},"end":{"line":75,"column":1}}},"branchMap":{"1":{"line":27,"type":"if","locations":[{"start":{"line":27,"column":8},"end":{"line":27,"column":8}},{"start":{"line":27,"column":8},"end":{"line":27,"column":8}}]},"2":{"line":43,"type":"if","locations":[{"start":{"line":43,"column":4},"end":{"line":43,"column":4}},{"start":{"line":43,"column":4},"end":{"line":43,"column":4}}]},"3":{"line":51,"type":"if","locations":[{"start":{"line":51,"column":4},"end":{"line":51,"column":4}},{"start":{"line":51,"column":4},"end":{"line":51,"column":4}}]}},"l":{"7":1,"8":1,"9":1,"10":1,"11":1,"12":1,"15":1,"16":1,"17":1,"18":1,"20":1,"21":1,"22":1,"25":1,"27":0,"28":0,"29":0,"32":1,"33":0,"36":1,"37":0,"41":1,"42":1,"43":1,"44":1,"45":1,"46":1,"50":1,"51":0,"52":0,"56":1,"60":1,"64":1,"68":1,"73":1}},"media/script/Tools.js":{"path":"media/script/Tools.js","s":{"1":5,"2":31,"3":31,"4":31,"5":31,"6":30,"7":30,"8":31,"9":0,"10":0,"11":0,"12":0,"13":0,"14":0,"15":0,"16":0,"17":0,"18":0,"19":0,"20":0,"21":0,"22":1,"23":1,"24":1,"25":1,"26":0,"27":0,"28":0,"29":0,"30":0,"31":0,"32":0,"33":0,"34":0,"35":0,"36":0,"37":0,"38":62,"39":62,"40":62,"41":62,"42":1430,"43":62,"44":0,"45":0,"46":0,"47":0,"48":0,"49":0,"50":0,"51":0,"52":0,"53":0,"54":0,"55":3,"56":3,"57":1,"58":1,"59":1,"60":1,"61":1,"62":0,"63":0,"64":0,"65":0,"66":0,"67":0,"68":0,"69":0,"70":0,"71":0,"72":0,"73":0,"74":0,"75":0,"76":0,"77":0,"78":0,"79":0,"80":0,"81":0,"82":0,"83":0,"84":0,"85":0,"86":0,"87":0,"88":0,"89":0,"90":0,"91":5,"92":5,"93":2,"94":3,"95":1,"96":2,"97":1,"98":5,"99":5,"100":5,"101":5,"102":5,"103":5,"104":0,"105":5,"106":0,"107":0,"108":5,"109":0},"b":{"1":[30,1],"2":[0,0],"3":[0,0],"4":[0,0],"5":[38,24],"6":[62,38],"7":[0,0],"8":[0,0],"9":[3,2,2,1,1],"10":[1,0],"11":[1,0],"12":[1,1],"13":[1,0],"14":[1,1],"15":[0,0],"16":[0,0],"17":[0,0],"18":[0,0],"19":[0,0],"20":[2,3],"21":[5,4],"22":[1,2],"23":[1,1],"24":[2,1]},"f":{"1":31,"2":0,"3":0,"4":0,"5":0,"6":1,"7":0,"8":0,"9":62,"10":0,"11":0,"12":3,"13":1,"14":0,"15":0,"16":0,"17":0,"18":0,"19":5,"20":0,"21":0,"22":0,"23":0,"24":0,"25":0},"fnMap":{"1":{"name":"(anonymous_1)","line":4,"loc":{"start":{"line":4,"column":13},"end":{"line":4,"column":38}}},"2":{"name":"(anonymous_2)","line":26,"loc":{"start":{"line":26,"column":25},"end":{"line":26,"column":44}}},"3":{"name":"(anonymous_3)","line":34,"loc":{"start":{"line":34,"column":22},"end":{"line":34,"column":40}}},"4":{"name":"(anonymous_4)","line":46,"loc":{"start":{"line":46,"column":13},"end":{"line":46,"column":25}}},"5":{"name":"(anonymous_5)","line":51,"loc":{"start":{"line":51,"column":19},"end":{"line":51,"column":52}}},"6":{"name":"(anonymous_6)","line":57,"loc":{"start":{"line":57,"column":17},"end":{"line":57,"column":38}}},"7":{"name":"(anonymous_7)","line":66,"loc":{"start":{"line":66,"column":18},"end":{"line":66,"column":43}}},"8":{"name":"(anonymous_8)","line":71,"loc":{"start":{"line":71,"column":21},"end":{"line":71,"column":41}}},"9":{"name":"(anonymous_9)","line":87,"loc":{"start":{"line":87,"column":21},"end":{"line":87,"column":34}}},"10":{"name":"(anonymous_10)","line":97,"loc":{"start":{"line":97,"column":12},"end":{"line":97,"column":33}}},"11":{"name":"(anonymous_11)","line":105,"loc":{"start":{"line":105,"column":14},"end":{"line":105,"column":26}}},"12":{"name":"(anonymous_12)","line":124,"loc":{"start":{"line":124,"column":15},"end":{"line":124,"column":32}}},"13":{"name":"(anonymous_13)","line":129,"loc":{"start":{"line":129,"column":10},"end":{"line":129,"column":23}}},"14":{"name":"(anonymous_14)","line":145,"loc":{"start":{"line":145,"column":13},"end":{"line":145,"column":32}}},"15":{"name":"(anonymous_15)","line":161,"loc":{"start":{"line":161,"column":15},"end":{"line":161,"column":34}}},"16":{"name":"(anonymous_16)","line":170,"loc":{"start":{"line":170,"column":14},"end":{"line":170,"column":28}}},"17":{"name":"(anonymous_17)","line":180,"loc":{"start":{"line":180,"column":27},"end":{"line":180,"column":48}}},"18":{"name":"(anonymous_18)","line":192,"loc":{"start":{"line":192,"column":13},"end":{"line":192,"column":24}}},"19":{"name":"(anonymous_19)","line":196,"loc":{"start":{"line":196,"column":23},"end":{"line":196,"column":52}}},"20":{"name":"(anonymous_20)","line":231,"loc":{"start":{"line":231,"column":38},"end":{"line":231,"column":50}}},"21":{"name":"(anonymous_21)","line":232,"loc":{"start":{"line":232,"column":45},"end":{"line":232,"column":57}}},"22":{"name":"(anonymous_22)","line":236,"loc":{"start":{"line":236,"column":38},"end":{"line":236,"column":50}}},"23":{"name":"(anonymous_23)","line":237,"loc":{"start":{"line":237,"column":45},"end":{"line":237,"column":57}}},"24":{"name":"(anonymous_24)","line":241,"loc":{"start":{"line":241,"column":45},"end":{"line":241,"column":57}}},"25":{"name":"(anonymous_25)","line":246,"loc":{"start":{"line":246,"column":48},"end":{"line":246,"column":60}}}},"statementMap":{"1":{"start":{"line":3,"column":0},"end":{"line":227,"column":2}},"2":{"start":{"line":7,"column":8},"end":{"line":7,"column":54}},"3":{"start":{"line":8,"column":8},"end":{"line":8,"column":40}},"4":{"start":{"line":14,"column":8},"end":{"line":14,"column":56}},"5":{"start":{"line":17,"column":8},"end":{"line":20,"column":9}},"6":{"start":{"line":18,"column":12},"end":{"line":18,"column":49}},"7":{"start":{"line":19,"column":12},"end":{"line":19,"column":54}},"8":{"start":{"line":23,"column":8},"end":{"line":23,"column":69}},"9":{"start":{"line":27,"column":8},"end":{"line":27,"column":54}},"10":{"start":{"line":28,"column":8},"end":{"line":30,"column":9}},"11":{"start":{"line":29,"column":12},"end":{"line":29,"column":59}},"12":{"start":{"line":31,"column":8},"end":{"line":31,"column":23}},"13":{"start":{"line":35,"column":8},"end":{"line":42,"column":9}},"14":{"start":{"line":36,"column":12},"end":{"line":41,"column":69}},"15":{"start":{"line":37,"column":16},"end":{"line":37,"column":20}},"16":{"start":{"line":38,"column":16},"end":{"line":38,"column":49}},"17":{"start":{"line":39,"column":16},"end":{"line":40,"column":48}},"18":{"start":{"line":40,"column":20},"end":{"line":40,"column":48}},"19":{"start":{"line":41,"column":19},"end":{"line":41,"column":69}},"20":{"start":{"line":47,"column":8},"end":{"line":47,"column":56}},"21":{"start":{"line":52,"column":8},"end":{"line":52,"column":42}},"22":{"start":{"line":58,"column":8},"end":{"line":58,"column":58}},"23":{"start":{"line":59,"column":8},"end":{"line":60,"column":65}},"24":{"start":{"line":60,"column":12},"end":{"line":60,"column":65}},"25":{"start":{"line":61,"column":8},"end":{"line":61,"column":25}},"26":{"start":{"line":67,"column":8},"end":{"line":67,"column":50}},"27":{"start":{"line":68,"column":8},"end":{"line":68,"column":33}},"28":{"start":{"line":72,"column":8},"end":{"line":72,"column":24}},"29":{"start":{"line":73,"column":8},"end":{"line":73,"column":51}},"30":{"start":{"line":74,"column":8},"end":{"line":83,"column":9}},"31":{"start":{"line":75,"column":12},"end":{"line":75,"column":24}},"32":{"start":{"line":76,"column":12},"end":{"line":78,"column":13}},"33":{"start":{"line":77,"column":16},"end":{"line":77,"column":65}},"34":{"start":{"line":79,"column":12},"end":{"line":82,"column":13}},"35":{"start":{"line":80,"column":16},"end":{"line":80,"column":38}},"36":{"start":{"line":81,"column":16},"end":{"line":81,"column":20}},"37":{"start":{"line":84,"column":8},"end":{"line":84,"column":33}},"38":{"start":{"line":88,"column":8},"end":{"line":88,"column":71}},"39":{"start":{"line":89,"column":8},"end":{"line":89,"column":19}},"40":{"start":{"line":90,"column":8},"end":{"line":90,"column":60}},"41":{"start":{"line":91,"column":8},"end":{"line":93,"column":9}},"42":{"start":{"line":92,"column":12},"end":{"line":92,"column":69}},"43":{"start":{"line":94,"column":8},"end":{"line":94,"column":17}},"44":{"start":{"line":102,"column":8},"end":{"line":102,"column":56}},"45":{"start":{"line":106,"column":8},"end":{"line":106,"column":31}},"46":{"start":{"line":107,"column":8},"end":{"line":107,"column":33}},"47":{"start":{"line":108,"column":8},"end":{"line":108,"column":38}},"48":{"start":{"line":109,"column":8},"end":{"line":109,"column":39}},"49":{"start":{"line":111,"column":8},"end":{"line":113,"column":9}},"50":{"start":{"line":112,"column":12},"end":{"line":112,"column":25}},"51":{"start":{"line":115,"column":8},"end":{"line":117,"column":9}},"52":{"start":{"line":116,"column":12},"end":{"line":116,"column":25}},"53":{"start":{"line":119,"column":8},"end":{"line":119,"column":43}},"54":{"start":{"line":121,"column":8},"end":{"line":121,"column":21}},"55":{"start":{"line":125,"column":8},"end":{"line":125,"column":32}},"56":{"start":{"line":126,"column":8},"end":{"line":126,"column":83}},"57":{"start":{"line":130,"column":8},"end":{"line":130,"column":30}},"58":{"start":{"line":132,"column":8},"end":{"line":142,"column":9}},"59":{"start":{"line":133,"column":12},"end":{"line":133,"column":132}},"60":{"start":{"line":134,"column":12},"end":{"line":141,"column":13}},"61":{"start":{"line":135,"column":16},"end":{"line":135,"column":35}},"62":{"start":{"line":140,"column":16},"end":{"line":140,"column":75}},"63":{"start":{"line":146,"column":8},"end":{"line":146,"column":92}},"64":{"start":{"line":147,"column":8},"end":{"line":147,"column":26}},"65":{"start":{"line":148,"column":8},"end":{"line":154,"column":9}},"66":{"start":{"line":149,"column":12},"end":{"line":152,"column":13}},"67":{"start":{"line":150,"column":16},"end":{"line":150,"column":80}},"68":{"start":{"line":153,"column":12},"end":{"line":153,"column":36}},"69":{"start":{"line":155,"column":8},"end":{"line":157,"column":9}},"70":{"start":{"line":156,"column":12},"end":{"line":156,"column":76}},"71":{"start":{"line":158,"column":8},"end":{"line":158,"column":24}},"72":{"start":{"line":162,"column":8},"end":{"line":162,"column":21}},"73":{"start":{"line":163,"column":8},"end":{"line":166,"column":9}},"74":{"start":{"line":164,"column":12},"end":{"line":164,"column":34}},"75":{"start":{"line":165,"column":12},"end":{"line":165,"column":22}},"76":{"start":{"line":167,"column":8},"end":{"line":167,"column":19}},"77":{"start":{"line":171,"column":8},"end":{"line":174,"column":37}},"78":{"start":{"line":172,"column":12},"end":{"line":172,"column":55}},"79":{"start":{"line":173,"column":12},"end":{"line":173,"column":42}},"80":{"start":{"line":174,"column":15},"end":{"line":174,"column":37}},"81":{"start":{"line":181,"column":8},"end":{"line":181,"column":41}},"82":{"start":{"line":182,"column":8},"end":{"line":182,"column":45}},"83":{"start":{"line":183,"column":8},"end":{"line":189,"column":25}},"84":{"start":{"line":184,"column":12},"end":{"line":184,"column":25}},"85":{"start":{"line":185,"column":13},"end":{"line":189,"column":25}},"86":{"start":{"line":186,"column":12},"end":{"line":186,"column":25}},"87":{"start":{"line":187,"column":13},"end":{"line":189,"column":25}},"88":{"start":{"line":188,"column":12},"end":{"line":188,"column":25}},"89":{"start":{"line":189,"column":13},"end":{"line":189,"column":25}},"90":{"start":{"line":193,"column":8},"end":{"line":193,"column":57}},"91":{"start":{"line":197,"column":8},"end":{"line":197,"column":32}},"92":{"start":{"line":198,"column":8},"end":{"line":206,"column":9}},"93":{"start":{"line":199,"column":12},"end":{"line":199,"column":108}},"94":{"start":{"line":201,"column":13},"end":{"line":206,"column":9}},"95":{"start":{"line":202,"column":12},"end":{"line":202,"column":78}},"96":{"start":{"line":204,"column":13},"end":{"line":206,"column":9}},"97":{"start":{"line":205,"column":12},"end":{"line":205,"column":83}},"98":{"start":{"line":207,"column":8},"end":{"line":207,"column":19}},"99":{"start":{"line":229,"column":0},"end":{"line":229,"column":23}},"100":{"start":{"line":231,"column":0},"end":{"line":231,"column":54}},"101":{"start":{"line":232,"column":0},"end":{"line":235,"column":3}},"102":{"start":{"line":236,"column":0},"end":{"line":236,"column":54}},"103":{"start":{"line":237,"column":0},"end":{"line":240,"column":3}},"104":{"start":{"line":238,"column":4},"end":{"line":238,"column":35}},"105":{"start":{"line":241,"column":0},"end":{"line":245,"column":3}},"106":{"start":{"line":242,"column":4},"end":{"line":242,"column":36}},"107":{"start":{"line":243,"column":4},"end":{"line":243,"column":32}},"108":{"start":{"line":246,"column":0},"end":{"line":249,"column":3}},"109":{"start":{"line":247,"column":4},"end":{"line":247,"column":44}}},"branchMap":{"1":{"line":17,"type":"if","locations":[{"start":{"line":17,"column":8},"end":{"line":17,"column":8}},{"start":{"line":17,"column":8},"end":{"line":17,"column":8}}]},"2":{"line":36,"type":"if","locations":[{"start":{"line":36,"column":12},"end":{"line":36,"column":12}},{"start":{"line":36,"column":12},"end":{"line":36,"column":12}}]},"3":{"line":79,"type":"if","locations":[{"start":{"line":79,"column":12},"end":{"line":79,"column":12}},{"start":{"line":79,"column":12},"end":{"line":79,"column":12}}]},"4":{"line":79,"type":"binary-expr","locations":[{"start":{"line":79,"column":16},"end":{"line":79,"column":44}},{"start":{"line":79,"column":48},"end":{"line":79,"column":78}}]},"5":{"line":90,"type":"cond-expr","locations":[{"start":{"line":90,"column":53},"end":{"line":90,"column":54}},{"start":{"line":90,"column":57},"end":{"line":90,"column":59}}]},"6":{"line":90,"type":"binary-expr","locations":[{"start":{"line":90,"column":18},"end":{"line":90,"column":39}},{"start":{"line":90,"column":44},"end":{"line":90,"column":50}}]},"7":{"line":111,"type":"if","locations":[{"start":{"line":111,"column":8},"end":{"line":111,"column":8}},{"start":{"line":111,"column":8},"end":{"line":111,"column":8}}]},"8":{"line":115,"type":"if","locations":[{"start":{"line":115,"column":8},"end":{"line":115,"column":8}},{"start":{"line":115,"column":8},"end":{"line":115,"column":8}}]},"9":{"line":126,"type":"binary-expr","locations":[{"start":{"line":126,"column":17},"end":{"line":126,"column":26}},{"start":{"line":126,"column":30},"end":{"line":126,"column":39}},{"start":{"line":126,"column":45},"end":{"line":126,"column":54}},{"start":{"line":126,"column":58},"end":{"line":126,"column":68}},{"start":{"line":126,"column":73},"end":{"line":126,"column":81}}]},"10":{"line":130,"type":"binary-expr","locations":[{"start":{"line":130,"column":12},"end":{"line":130,"column":13}},{"start":{"line":130,"column":17},"end":{"line":130,"column":29}}]},"11":{"line":132,"type":"if","locations":[{"start":{"line":132,"column":8},"end":{"line":132,"column":8}},{"start":{"line":132,"column":8},"end":{"line":132,"column":8}}]},"12":{"line":132,"type":"binary-expr","locations":[{"start":{"line":132,"column":12},"end":{"line":132,"column":29}},{"start":{"line":132,"column":33},"end":{"line":132,"column":49}}]},"13":{"line":134,"type":"if","locations":[{"start":{"line":134,"column":12},"end":{"line":134,"column":12}},{"start":{"line":134,"column":12},"end":{"line":134,"column":12}}]},"14":{"line":134,"type":"binary-expr","locations":[{"start":{"line":134,"column":17},"end":{"line":134,"column":33}},{"start":{"line":134,"column":37},"end":{"line":134,"column":53}}]},"15":{"line":171,"type":"if","locations":[{"start":{"line":171,"column":8},"end":{"line":171,"column":8}},{"start":{"line":171,"column":8},"end":{"line":171,"column":8}}]},"16":{"line":171,"type":"binary-expr","locations":[{"start":{"line":171,"column":12},"end":{"line":171,"column":28}},{"start":{"line":171,"column":32},"end":{"line":171,"column":41}}]},"17":{"line":183,"type":"if","locations":[{"start":{"line":183,"column":8},"end":{"line":183,"column":8}},{"start":{"line":183,"column":8},"end":{"line":183,"column":8}}]},"18":{"line":185,"type":"if","locations":[{"start":{"line":185,"column":13},"end":{"line":185,"column":13}},{"start":{"line":185,"column":13},"end":{"line":185,"column":13}}]},"19":{"line":187,"type":"if","locations":[{"start":{"line":187,"column":13},"end":{"line":187,"column":13}},{"start":{"line":187,"column":13},"end":{"line":187,"column":13}}]},"20":{"line":198,"type":"if","locations":[{"start":{"line":198,"column":8},"end":{"line":198,"column":8}},{"start":{"line":198,"column":8},"end":{"line":198,"column":8}}]},"21":{"line":198,"type":"binary-expr","locations":[{"start":{"line":198,"column":11},"end":{"line":198,"column":30}},{"start":{"line":198,"column":34},"end":{"line":198,"column":81}}]},"22":{"line":201,"type":"if","locations":[{"start":{"line":201,"column":13},"end":{"line":201,"column":13}},{"start":{"line":201,"column":13},"end":{"line":201,"column":13}}]},"23":{"line":204,"type":"if","locations":[{"start":{"line":204,"column":13},"end":{"line":204,"column":13}},{"start":{"line":204,"column":13},"end":{"line":204,"column":13}}]},"24":{"line":204,"type":"binary-expr","locations":[{"start":{"line":204,"column":16},"end":{"line":204,"column":38}},{"start":{"line":204,"column":42},"end":{"line":204,"column":61}}]}},"l":{"3":5,"7":31,"8":31,"14":31,"17":31,"18":30,"19":30,"23":31,"27":0,"28":0,"29":0,"31":0,"35":0,"36":0,"37":0,"38":0,"39":0,"40":0,"41":0,"47":0,"52":0,"58":1,"59":1,"60":1,"61":1,"67":0,"68":0,"72":0,"73":0,"74":0,"75":0,"76":0,"77":0,"79":0,"80":0,"81":0,"84":0,"88":62,"89":62,"90":62,"91":62,"92":1430,"94":62,"102":0,"106":0,"107":0,"108":0,"109":0,"111":0,"112":0,"115":0,"116":0,"119":0,"121":0,"125":3,"126":3,"130":1,"132":1,"133":1,"134":1,"135":1,"140":0,"146":0,"147":0,"148":0,"149":0,"150":0,"153":0,"155":0,"156":0,"158":0,"162":0,"163":0,"164":0,"165":0,"167":0,"171":0,"172":0,"173":0,"174":0,"181":0,"182":0,"183":0,"184":0,"185":0,"186":0,"187":0,"188":0,"189":0,"193":0,"197":5,"198":5,"199":2,"201":3,"202":1,"204":2,"205":1,"207":5,"229":5,"231":5,"232":5,"236":5,"237":5,"238":0,"241":5,"242":0,"243":0,"246":5,"247":0}},"media/script/ListManager.js":{"path":"media/script/ListManager.js","s":{"1":4,"2":44,"3":4,"4":11,"5":11,"6":0,"7":0,"8":0,"9":11,"10":11,"11":11,"12":13,"13":13,"14":5,"15":5,"16":1,"17":12,"18":8,"19":6,"20":6,"21":8,"22":8,"23":3,"24":3,"25":2,"26":2,"27":4,"28":4,"29":1,"30":1,"31":7,"32":7,"33":3,"34":4,"35":4,"36":2,"37":1,"38":4,"39":4,"40":6,"41":6,"42":3,"43":1,"44":2,"45":2,"46":1,"47":1,"48":2,"49":2,"50":1,"51":1,"52":1,"53":0,"54":0,"55":0,"56":0},"b":{"1":[11,0],"2":[11,2],"3":[1,4],"4":[5,1],"5":[6,2],"6":[0,6],"7":[3,5],"8":[2,0],"9":[1,3],"10":[3,4],"11":[2,2],"12":[4,0],"13":[3,3],"14":[1,1],"15":[1,1],"16":[0,0]},"f":{"1":44,"2":11,"3":13,"4":8,"5":7,"6":2,"7":2,"8":0},"fnMap":{"1":{"name":"ListManager","line":1,"loc":{"start":{"line":1,"column":0},"end":{"line":1,"column":23}}},"2":{"name":"(anonymous_2)","line":10,"loc":{"start":{"line":10,"column":16},"end":{"line":10,"column":32}}},"3":{"name":"(anonymous_3)","line":30,"loc":{"start":{"line":30,"column":17},"end":{"line":30,"column":33}}},"4":{"name":"(anonymous_4)","line":46,"loc":{"start":{"line":46,"column":21},"end":{"line":46,"column":37}}},"5":{"name":"(anonymous_5)","line":71,"loc":{"start":{"line":71,"column":13},"end":{"line":71,"column":29}}},"6":{"name":"(anonymous_6)","line":96,"loc":{"start":{"line":96,"column":16},"end":{"line":96,"column":32}}},"7":{"name":"(anonymous_7)","line":108,"loc":{"start":{"line":108,"column":16},"end":{"line":108,"column":32}}},"8":{"name":"(anonymous_8)","line":120,"loc":{"start":{"line":120,"column":18},"end":{"line":120,"column":40}}}},"statementMap":{"1":{"start":{"line":1,"column":0},"end":{"line":4,"column":1}},"2":{"start":{"line":3,"column":4},"end":{"line":3,"column":20}},"3":{"start":{"line":6,"column":0},"end":{"line":127,"column":2}},"4":{"start":{"line":12,"column":8},"end":{"line":13,"column":18}},"5":{"start":{"line":14,"column":8},"end":{"line":18,"column":9}},"6":{"start":{"line":15,"column":12},"end":{"line":15,"column":16}},"7":{"start":{"line":16,"column":12},"end":{"line":16,"column":42}},"8":{"start":{"line":17,"column":12},"end":{"line":17,"column":16}},"9":{"start":{"line":20,"column":8},"end":{"line":20,"column":26}},"10":{"start":{"line":23,"column":8},"end":{"line":23,"column":30}},"11":{"start":{"line":24,"column":8},"end":{"line":24,"column":20}},"12":{"start":{"line":32,"column":8},"end":{"line":32,"column":64}},"13":{"start":{"line":34,"column":8},"end":{"line":38,"column":9}},"14":{"start":{"line":35,"column":12},"end":{"line":35,"column":34}},"15":{"start":{"line":36,"column":12},"end":{"line":37,"column":25}},"16":{"start":{"line":37,"column":16},"end":{"line":37,"column":25}},"17":{"start":{"line":39,"column":8},"end":{"line":39,"column":18}},"18":{"start":{"line":47,"column":8},"end":{"line":65,"column":9}},"19":{"start":{"line":49,"column":12},"end":{"line":49,"column":68}},"20":{"start":{"line":51,"column":12},"end":{"line":55,"column":13}},"21":{"start":{"line":52,"column":16},"end":{"line":52,"column":38}},"22":{"start":{"line":53,"column":16},"end":{"line":54,"column":29}},"23":{"start":{"line":54,"column":20},"end":{"line":54,"column":29}},"24":{"start":{"line":56,"column":12},"end":{"line":56,"column":22}},"25":{"start":{"line":58,"column":15},"end":{"line":65,"column":9}},"26":{"start":{"line":59,"column":12},"end":{"line":63,"column":13}},"27":{"start":{"line":60,"column":17},"end":{"line":60,"column":35}},"28":{"start":{"line":61,"column":16},"end":{"line":62,"column":29}},"29":{"start":{"line":62,"column":20},"end":{"line":62,"column":29}},"30":{"start":{"line":64,"column":12},"end":{"line":64,"column":22}},"31":{"start":{"line":72,"column":8},"end":{"line":72,"column":16}},"32":{"start":{"line":73,"column":8},"end":{"line":89,"column":9}},"33":{"start":{"line":75,"column":12},"end":{"line":79,"column":13}},"34":{"start":{"line":76,"column":16},"end":{"line":76,"column":34}},"35":{"start":{"line":77,"column":16},"end":{"line":78,"column":29}},"36":{"start":{"line":78,"column":20},"end":{"line":78,"column":29}},"37":{"start":{"line":80,"column":12},"end":{"line":80,"column":29}},"38":{"start":{"line":82,"column":15},"end":{"line":89,"column":9}},"39":{"start":{"line":83,"column":12},"end":{"line":87,"column":13}},"40":{"start":{"line":84,"column":16},"end":{"line":84,"column":34}},"41":{"start":{"line":85,"column":16},"end":{"line":86,"column":29}},"42":{"start":{"line":86,"column":20},"end":{"line":86,"column":29}},"43":{"start":{"line":88,"column":12},"end":{"line":88,"column":29}},"44":{"start":{"line":97,"column":8},"end":{"line":97,"column":43}},"45":{"start":{"line":98,"column":8},"end":{"line":100,"column":9}},"46":{"start":{"line":99,"column":12},"end":{"line":99,"column":43}},"47":{"start":{"line":101,"column":8},"end":{"line":101,"column":25}},"48":{"start":{"line":109,"column":8},"end":{"line":109,"column":43}},"49":{"start":{"line":110,"column":8},"end":{"line":113,"column":9}},"50":{"start":{"line":111,"column":12},"end":{"line":111,"column":42}},"51":{"start":{"line":112,"column":12},"end":{"line":112,"column":24}},"52":{"start":{"line":114,"column":8},"end":{"line":114,"column":25}},"53":{"start":{"line":121,"column":8},"end":{"line":121,"column":43}},"54":{"start":{"line":122,"column":8},"end":{"line":124,"column":9}},"55":{"start":{"line":123,"column":12},"end":{"line":123,"column":52}},"56":{"start":{"line":125,"column":8},"end":{"line":125,"column":21}}},"branchMap":{"1":{"line":14,"type":"binary-expr","locations":[{"start":{"line":14,"column":15},"end":{"line":14,"column":23}},{"start":{"line":14,"column":27},"end":{"line":14,"column":48}}]},"2":{"line":32,"type":"cond-expr","locations":[{"start":{"line":32,"column":47},"end":{"line":32,"column":59}},{"start":{"line":32,"column":62},"end":{"line":32,"column":63}}]},"3":{"line":36,"type":"if","locations":[{"start":{"line":36,"column":12},"end":{"line":36,"column":12}},{"start":{"line":36,"column":12},"end":{"line":36,"column":12}}]},"4":{"line":36,"type":"binary-expr","locations":[{"start":{"line":36,"column":16},"end":{"line":36,"column":46}},{"start":{"line":36,"column":50},"end":{"line":36,"column":76}}]},"5":{"line":47,"type":"if","locations":[{"start":{"line":47,"column":8},"end":{"line":47,"column":8}},{"start":{"line":47,"column":8},"end":{"line":47,"column":8}}]},"6":{"line":49,"type":"cond-expr","locations":[{"start":{"line":49,"column":51},"end":{"line":49,"column":63}},{"start":{"line":49,"column":66},"end":{"line":49,"column":67}}]},"7":{"line":53,"type":"if","locations":[{"start":{"line":53,"column":16},"end":{"line":53,"column":16}},{"start":{"line":53,"column":16},"end":{"line":53,"column":16}}]},"8":{"line":58,"type":"if","locations":[{"start":{"line":58,"column":15},"end":{"line":58,"column":15}},{"start":{"line":58,"column":15},"end":{"line":58,"column":15}}]},"9":{"line":61,"type":"if","locations":[{"start":{"line":61,"column":16},"end":{"line":61,"column":16}},{"start":{"line":61,"column":16},"end":{"line":61,"column":16}}]},"10":{"line":73,"type":"if","locations":[{"start":{"line":73,"column":8},"end":{"line":73,"column":8}},{"start":{"line":73,"column":8},"end":{"line":73,"column":8}}]},"11":{"line":77,"type":"if","locations":[{"start":{"line":77,"column":16},"end":{"line":77,"column":16}},{"start":{"line":77,"column":16},"end":{"line":77,"column":16}}]},"12":{"line":82,"type":"if","locations":[{"start":{"line":82,"column":15},"end":{"line":82,"column":15}},{"start":{"line":82,"column":15},"end":{"line":82,"column":15}}]},"13":{"line":85,"type":"if","locations":[{"start":{"line":85,"column":16},"end":{"line":85,"column":16}},{"start":{"line":85,"column":16},"end":{"line":85,"column":16}}]},"14":{"line":98,"type":"if","locations":[{"start":{"line":98,"column":8},"end":{"line":98,"column":8}},{"start":{"line":98,"column":8},"end":{"line":98,"column":8}}]},"15":{"line":110,"type":"if","locations":[{"start":{"line":110,"column":8},"end":{"line":110,"column":8}},{"start":{"line":110,"column":8},"end":{"line":110,"column":8}}]},"16":{"line":122,"type":"if","locations":[{"start":{"line":122,"column":8},"end":{"line":122,"column":8}},{"start":{"line":122,"column":8},"end":{"line":122,"column":8}}]}},"l":{"1":4,"3":44,"6":4,"12":11,"14":11,"15":0,"16":0,"17":0,"20":11,"23":11,"24":11,"32":13,"34":13,"35":5,"36":5,"37":1,"39":12,"47":8,"49":6,"51":6,"52":8,"53":8,"54":3,"56":3,"58":2,"59":2,"60":4,"61":4,"62":1,"64":1,"72":7,"73":7,"75":3,"76":4,"77":4,"78":2,"80":1,"82":4,"83":4,"84":6,"85":6,"86":3,"88":1,"97":2,"98":2,"99":1,"101":1,"109":2,"110":2,"111":1,"112":1,"114":1,"121":0,"122":0,"123":0,"125":0}},"media/script/User.js":{"path":"media/script/User.js","s":{"1":4,"2":38,"3":38,"4":38,"5":38,"6":38,"7":38,"8":4,"9":4,"10":0,"11":76,"12":4,"13":4,"14":34,"15":1,"16":0,"17":2,"18":0,"19":2,"20":2,"21":2,"22":0,"23":1,"24":1,"25":1,"26":0,"27":0,"28":0,"29":0,"30":0,"31":0,"32":0},"b":{"1":[2,0],"2":[2,2],"3":[1,0],"4":[1,1,1]},"f":{"1":38,"2":4,"3":0,"4":76,"5":4,"6":4,"7":34,"8":1,"9":0,"10":2,"11":0,"12":2,"13":1,"14":0},"fnMap":{"1":{"name":"User","line":1,"loc":{"start":{"line":1,"column":0},"end":{"line":1,"column":32}}},"2":{"name":"(anonymous_2)","line":11,"loc":{"start":{"line":11,"column":13},"end":{"line":11,"column":25}}},"3":{"name":"(anonymous_3)","line":15,"loc":{"start":{"line":15,"column":17},"end":{"line":15,"column":29}}},"4":{"name":"(anonymous_4)","line":19,"loc":{"start":{"line":19,"column":15},"end":{"line":19,"column":27}}},"5":{"name":"(anonymous_5)","line":23,"loc":{"start":{"line":23,"column":14},"end":{"line":23,"column":31}}},"6":{"name":"(anonymous_6)","line":27,"loc":{"start":{"line":27,"column":14},"end":{"line":27,"column":26}}},"7":{"name":"(anonymous_7)","line":34,"loc":{"start":{"line":34,"column":12},"end":{"line":34,"column":28}}},"8":{"name":"(anonymous_8)","line":40,"loc":{"start":{"line":40,"column":13},"end":{"line":40,"column":29}}},"9":{"name":"(anonymous_9)","line":46,"loc":{"start":{"line":46,"column":16},"end":{"line":46,"column":32}}},"10":{"name":"(anonymous_10)","line":52,"loc":{"start":{"line":52,"column":16},"end":{"line":52,"column":32}}},"11":{"name":"(anonymous_11)","line":58,"loc":{"start":{"line":58,"column":16},"end":{"line":58,"column":32}}},"12":{"name":"(anonymous_12)","line":67,"loc":{"start":{"line":67,"column":15},"end":{"line":67,"column":35}}},"13":{"name":"(anonymous_13)","line":79,"loc":{"start":{"line":79,"column":24},"end":{"line":79,"column":46}}},"14":{"name":"(anonymous_14)","line":89,"loc":{"start":{"line":89,"column":13},"end":{"line":89,"column":24}}}},"statementMap":{"1":{"start":{"line":1,"column":0},"end":{"line":8,"column":1}},"2":{"start":{"line":2,"column":4},"end":{"line":2,"column":27}},"3":{"start":{"line":3,"column":4},"end":{"line":3,"column":25}},"4":{"start":{"line":4,"column":4},"end":{"line":4,"column":30}},"5":{"start":{"line":5,"column":4},"end":{"line":5,"column":27}},"6":{"start":{"line":6,"column":4},"end":{"line":6,"column":32}},"7":{"start":{"line":7,"column":4},"end":{"line":7,"column":40}},"8":{"start":{"line":10,"column":0},"end":{"line":99,"column":2}},"9":{"start":{"line":12,"column":8},"end":{"line":12,"column":25}},"10":{"start":{"line":16,"column":8},"end":{"line":16,"column":29}},"11":{"start":{"line":20,"column":8},"end":{"line":20,"column":29}},"12":{"start":{"line":24,"column":8},"end":{"line":24,"column":27}},"13":{"start":{"line":28,"column":8},"end":{"line":28,"column":26}},"14":{"start":{"line":35,"column":8},"end":{"line":35,"column":53}},"15":{"start":{"line":41,"column":8},"end":{"line":41,"column":37}},"16":{"start":{"line":47,"column":8},"end":{"line":47,"column":40}},"17":{"start":{"line":53,"column":8},"end":{"line":53,"column":40}},"18":{"start":{"line":59,"column":8},"end":{"line":59,"column":40}},"19":{"start":{"line":68,"column":8},"end":{"line":68,"column":36}},"20":{"start":{"line":69,"column":8},"end":{"line":70,"column":35}},"21":{"start":{"line":70,"column":12},"end":{"line":70,"column":35}},"22":{"start":{"line":71,"column":8},"end":{"line":71,"column":21}},"23":{"start":{"line":80,"column":8},"end":{"line":83,"column":9}},"24":{"start":{"line":81,"column":12},"end":{"line":81,"column":34}},"25":{"start":{"line":82,"column":12},"end":{"line":82,"column":24}},"26":{"start":{"line":84,"column":8},"end":{"line":84,"column":21}},"27":{"start":{"line":90,"column":8},"end":{"line":90,"column":21}},"28":{"start":{"line":92,"column":8},"end":{"line":92,"column":25}},"29":{"start":{"line":93,"column":8},"end":{"line":93,"column":29}},"30":{"start":{"line":94,"column":8},"end":{"line":94,"column":37}},"31":{"start":{"line":95,"column":8},"end":{"line":95,"column":31}},"32":{"start":{"line":97,"column":8},"end":{"line":97,"column":19}}},"branchMap":{"1":{"line":69,"type":"if","locations":[{"start":{"line":69,"column":8},"end":{"line":69,"column":8}},{"start":{"line":69,"column":8},"end":{"line":69,"column":8}}]},"2":{"line":69,"type":"binary-expr","locations":[{"start":{"line":69,"column":12},"end":{"line":69,"column":13}},{"start":{"line":69,"column":17},"end":{"line":69,"column":47}}]},"3":{"line":80,"type":"if","locations":[{"start":{"line":80,"column":8},"end":{"line":80,"column":8}},{"start":{"line":80,"column":8},"end":{"line":80,"column":8}}]},"4":{"line":80,"type":"binary-expr","locations":[{"start":{"line":80,"column":12},"end":{"line":80,"column":44}},{"start":{"line":80,"column":48},"end":{"line":80,"column":81}},{"start":{"line":80,"column":85},"end":{"line":80,"column":108}}]}},"l":{"1":4,"2":38,"3":38,"4":38,"5":38,"6":38,"7":38,"10":4,"12":4,"16":0,"20":76,"24":4,"28":4,"35":34,"41":1,"47":0,"53":2,"59":0,"68":2,"69":2,"70":2,"71":0,"80":1,"81":1,"82":1,"84":0,"90":0,"92":0,"93":0,"94":0,"95":0,"97":0}},"media/script/List.js":{"path":"media/script/List.js","s":{"1":4,"2":24,"3":24,"4":24,"5":24,"6":24,"7":24,"8":24,"9":24,"10":4,"11":32,"12":10,"13":15,"14":0,"15":0,"16":0,"17":2,"18":1,"19":1,"20":1,"21":6,"22":4,"23":4,"24":2,"25":18,"26":12,"27":12,"28":9,"29":9,"30":14,"31":14,"32":6,"33":8,"34":4,"35":2,"36":2,"37":2,"38":2,"39":0,"40":0,"41":0,"42":0,"43":0,"44":0,"45":0,"46":0,"47":0,"48":14,"49":0,"50":0,"51":0,"52":0,"53":0,"54":0,"55":0,"56":0,"57":0,"58":0,"59":0},"b":{"1":[1,1],"2":[4,2],"3":[9,3],"4":[6,8],"5":[2,2],"6":[4,3],"7":[0,0],"8":[14,6,6]},"f":{"1":24,"2":32,"3":10,"4":15,"5":0,"6":0,"7":0,"8":2,"9":6,"10":18,"11":14,"12":4,"13":0,"14":0,"15":14,"16":0},"fnMap":{"1":{"name":"List","line":1,"loc":{"start":{"line":1,"column":0},"end":{"line":1,"column":27}}},"2":{"name":"(anonymous_2)","line":18,"loc":{"start":{"line":18,"column":11},"end":{"line":18,"column":23}}},"3":{"name":"(anonymous_3)","line":22,"loc":{"start":{"line":22,"column":13},"end":{"line":22,"column":25}}},"4":{"name":"(anonymous_4)","line":26,"loc":{"start":{"line":26,"column":19},"end":{"line":26,"column":31}}},"5":{"name":"(anonymous_5)","line":30,"loc":{"start":{"line":30,"column":19},"end":{"line":30,"column":31}}},"6":{"name":"(anonymous_6)","line":34,"loc":{"start":{"line":34,"column":20},"end":{"line":34,"column":32}}},"7":{"name":"(anonymous_7)","line":38,"loc":{"start":{"line":38,"column":17},"end":{"line":38,"column":29}}},"8":{"name":"(anonymous_8)","line":46,"loc":{"start":{"line":46,"column":16},"end":{"line":46,"column":35}}},"9":{"name":"(anonymous_9)","line":58,"loc":{"start":{"line":58,"column":13},"end":{"line":58,"column":29}}},"10":{"name":"(anonymous_10)","line":70,"loc":{"start":{"line":70,"column":13},"end":{"line":70,"column":29}}},"11":{"name":"(anonymous_11)","line":84,"loc":{"start":{"line":84,"column":18},"end":{"line":84,"column":34}}},"12":{"name":"(anonymous_12)","line":95,"loc":{"start":{"line":95,"column":16},"end":{"line":95,"column":32}}},"13":{"name":"(anonymous_13)","line":104,"loc":{"start":{"line":104,"column":20},"end":{"line":104,"column":36}}},"14":{"name":"(anonymous_14)","line":111,"loc":{"start":{"line":111,"column":12},"end":{"line":111,"column":31}}},"15":{"name":"(anonymous_15)","line":139,"loc":{"start":{"line":139,"column":12},"end":{"line":139,"column":28}}},"16":{"name":"(anonymous_16)","line":143,"loc":{"start":{"line":143,"column":13},"end":{"line":143,"column":23}}}},"statementMap":{"1":{"start":{"line":1,"column":0},"end":{"line":14,"column":1}},"2":{"start":{"line":3,"column":4},"end":{"line":3,"column":31}},"3":{"start":{"line":4,"column":4},"end":{"line":4,"column":22}},"4":{"start":{"line":5,"column":4},"end":{"line":5,"column":27}},"5":{"start":{"line":6,"column":4},"end":{"line":6,"column":23}},"6":{"start":{"line":7,"column":4},"end":{"line":7,"column":26}},"7":{"start":{"line":9,"column":4},"end":{"line":9,"column":25}},"8":{"start":{"line":12,"column":4},"end":{"line":12,"column":22}},"9":{"start":{"line":13,"column":4},"end":{"line":13,"column":38}},"10":{"start":{"line":16,"column":0},"end":{"line":158,"column":2}},"11":{"start":{"line":19,"column":8},"end":{"line":19,"column":23}},"12":{"start":{"line":23,"column":8},"end":{"line":23,"column":25}},"13":{"start":{"line":27,"column":8},"end":{"line":27,"column":31}},"14":{"start":{"line":31,"column":8},"end":{"line":31,"column":31}},"15":{"start":{"line":35,"column":8},"end":{"line":35,"column":32}},"16":{"start":{"line":39,"column":8},"end":{"line":39,"column":29}},"17":{"start":{"line":47,"column":8},"end":{"line":52,"column":9}},"18":{"start":{"line":48,"column":12},"end":{"line":48,"column":25}},"19":{"start":{"line":50,"column":12},"end":{"line":50,"column":40}},"20":{"start":{"line":51,"column":12},"end":{"line":51,"column":24}},"21":{"start":{"line":59,"column":8},"end":{"line":62,"column":9}},"22":{"start":{"line":60,"column":12},"end":{"line":60,"column":39}},"23":{"start":{"line":61,"column":12},"end":{"line":61,"column":24}},"24":{"start":{"line":63,"column":8},"end":{"line":63,"column":21}},"25":{"start":{"line":71,"column":8},"end":{"line":76,"column":9}},"26":{"start":{"line":72,"column":12},"end":{"line":72,"column":39}},"27":{"start":{"line":73,"column":12},"end":{"line":75,"column":13}},"28":{"start":{"line":74,"column":16},"end":{"line":74,"column":25}},"29":{"start":{"line":77,"column":8},"end":{"line":77,"column":18}},"30":{"start":{"line":85,"column":8},"end":{"line":85,"column":35}},"31":{"start":{"line":86,"column":8},"end":{"line":87,"column":24}},"32":{"start":{"line":87,"column":12},"end":{"line":87,"column":24}},"33":{"start":{"line":88,"column":8},"end":{"line":88,"column":44}},"34":{"start":{"line":96,"column":8},"end":{"line":100,"column":9}},"35":{"start":{"line":97,"column":12},"end":{"line":97,"column":41}},"36":{"start":{"line":98,"column":12},"end":{"line":98,"column":43}},"37":{"start":{"line":99,"column":12},"end":{"line":99,"column":24}},"38":{"start":{"line":101,"column":8},"end":{"line":101,"column":21}},"39":{"start":{"line":105,"column":8},"end":{"line":105,"column":32}},"40":{"start":{"line":114,"column":8},"end":{"line":117,"column":10}},"41":{"start":{"line":119,"column":8},"end":{"line":119,"column":94}},"42":{"start":{"line":121,"column":8},"end":{"line":124,"column":29}},"43":{"start":{"line":126,"column":8},"end":{"line":126,"column":23}},"44":{"start":{"line":127,"column":8},"end":{"line":129,"column":9}},"45":{"start":{"line":128,"column":12},"end":{"line":128,"column":82}},"46":{"start":{"line":131,"column":8},"end":{"line":131,"column":562}},"47":{"start":{"line":133,"column":8},"end":{"line":133,"column":17}},"48":{"start":{"line":140,"column":8},"end":{"line":140,"column":120}},"49":{"start":{"line":144,"column":8},"end":{"line":144,"column":21}},"50":{"start":{"line":146,"column":8},"end":{"line":146,"column":25}},"51":{"start":{"line":147,"column":8},"end":{"line":147,"column":29}},"52":{"start":{"line":148,"column":8},"end":{"line":148,"column":43}},"53":{"start":{"line":149,"column":8},"end":{"line":149,"column":37}},"54":{"start":{"line":150,"column":8},"end":{"line":150,"column":51}},"55":{"start":{"line":151,"column":8},"end":{"line":151,"column":28}},"56":{"start":{"line":152,"column":8},"end":{"line":153,"column":62}},"57":{"start":{"line":153,"column":12},"end":{"line":153,"column":62}},"58":{"start":{"line":154,"column":8},"end":{"line":154,"column":37}},"59":{"start":{"line":156,"column":8},"end":{"line":156,"column":19}}},"branchMap":{"1":{"line":47,"type":"if","locations":[{"start":{"line":47,"column":8},"end":{"line":47,"column":8}},{"start":{"line":47,"column":8},"end":{"line":47,"column":8}}]},"2":{"line":59,"type":"if","locations":[{"start":{"line":59,"column":8},"end":{"line":59,"column":8}},{"start":{"line":59,"column":8},"end":{"line":59,"column":8}}]},"3":{"line":73,"type":"if","locations":[{"start":{"line":73,"column":12},"end":{"line":73,"column":12}},{"start":{"line":73,"column":12},"end":{"line":73,"column":12}}]},"4":{"line":86,"type":"if","locations":[{"start":{"line":86,"column":8},"end":{"line":86,"column":8}},{"start":{"line":86,"column":8},"end":{"line":86,"column":8}}]},"5":{"line":96,"type":"if","locations":[{"start":{"line":96,"column":8},"end":{"line":96,"column":8}},{"start":{"line":96,"column":8},"end":{"line":96,"column":8}}]},"6":{"line":96,"type":"binary-expr","locations":[{"start":{"line":96,"column":12},"end":{"line":96,"column":35}},{"start":{"line":96,"column":39},"end":{"line":96,"column":68}}]},"7":{"line":119,"type":"cond-expr","locations":[{"start":{"line":119,"column":43},"end":{"line":119,"column":52}},{"start":{"line":119,"column":55},"end":{"line":119,"column":93}}]},"8":{"line":140,"type":"binary-expr","locations":[{"start":{"line":140,"column":15},"end":{"line":140,"column":39}},{"start":{"line":140,"column":43},"end":{"line":140,"column":92}},{"start":{"line":140,"column":96},"end":{"line":140,"column":119}}]}},"l":{"1":4,"3":24,"4":24,"5":24,"6":24,"7":24,"9":24,"12":24,"13":24,"16":4,"19":32,"23":10,"27":15,"31":0,"35":0,"39":0,"47":2,"48":1,"50":1,"51":1,"59":6,"60":4,"61":4,"63":2,"71":18,"72":12,"73":12,"74":9,"77":9,"85":14,"86":14,"87":6,"88":8,"96":4,"97":2,"98":2,"99":2,"101":2,"105":0,"114":0,"119":0,"121":0,"126":0,"127":0,"128":0,"131":0,"133":0,"140":14,"144":0,"146":0,"147":0,"148":0,"149":0,"150":0,"151":0,"152":0,"153":0,"154":0,"156":0}},"media/script/UserManager.js":{"path":"media/script/UserManager.js","s":{"1":1,"2":4,"3":4,"4":4,"5":4,"6":1,"7":0,"8":0,"9":4,"10":4,"11":4,"12":4,"13":4,"14":4,"15":4,"16":2,"17":2,"18":2,"19":1,"20":1,"21":2,"22":2,"23":2,"24":2,"25":1,"26":1,"27":2,"28":2,"29":2,"30":2,"31":1,"32":1,"33":0,"34":0,"35":0,"36":0,"37":0,"38":0,"39":0,"40":0,"41":2},"b":{"1":[4,0],"2":[2,2],"3":[1,1],"4":[2,0],"5":[1,1],"6":[2,0],"7":[1,1],"8":[0,0],"9":[0,0]},"f":{"1":4,"2":0,"3":0,"4":4,"5":4,"6":2,"7":0,"8":2},"fnMap":{"1":{"name":"UserManager","line":1,"loc":{"start":{"line":1,"column":0},"end":{"line":1,"column":23}}},"2":{"name":"(anonymous_2)","line":16,"loc":{"start":{"line":16,"column":16},"end":{"line":16,"column":29}}},"3":{"name":"(anonymous_3)","line":20,"loc":{"start":{"line":20,"column":15},"end":{"line":20,"column":26}}},"4":{"name":"(anonymous_4)","line":24,"loc":{"start":{"line":24,"column":13},"end":{"line":24,"column":29}}},"5":{"name":"(anonymous_5)","line":38,"loc":{"start":{"line":38,"column":12},"end":{"line":38,"column":28}}},"6":{"name":"(anonymous_6)","line":59,"loc":{"start":{"line":59,"column":13},"end":{"line":59,"column":27}}},"7":{"name":"(anonymous_7)","line":75,"loc":{"start":{"line":75,"column":16},"end":{"line":75,"column":32}}},"8":{"name":"(anonymous_8)","line":85,"loc":{"start":{"line":85,"column":17},"end":{"line":85,"column":34}}}},"statementMap":{"1":{"start":{"line":1,"column":0},"end":{"line":9,"column":1}},"2":{"start":{"line":2,"column":4},"end":{"line":2,"column":90}},"3":{"start":{"line":4,"column":4},"end":{"line":4,"column":29}},"4":{"start":{"line":6,"column":4},"end":{"line":6,"column":30}},"5":{"start":{"line":8,"column":4},"end":{"line":8,"column":32}},"6":{"start":{"line":14,"column":0},"end":{"line":88,"column":2}},"7":{"start":{"line":17,"column":8},"end":{"line":17,"column":47}},"8":{"start":{"line":21,"column":8},"end":{"line":21,"column":33}},"9":{"start":{"line":25,"column":8},"end":{"line":28,"column":9}},"10":{"start":{"line":26,"column":12},"end":{"line":26,"column":85}},"11":{"start":{"line":27,"column":12},"end":{"line":27,"column":33}},"12":{"start":{"line":29,"column":8},"end":{"line":29,"column":30}},"13":{"start":{"line":30,"column":8},"end":{"line":30,"column":52}},"14":{"start":{"line":31,"column":8},"end":{"line":31,"column":20}},"15":{"start":{"line":39,"column":8},"end":{"line":53,"column":9}},"16":{"start":{"line":40,"column":12},"end":{"line":44,"column":13}},"17":{"start":{"line":41,"column":16},"end":{"line":41,"column":38}},"18":{"start":{"line":42,"column":16},"end":{"line":43,"column":29}},"19":{"start":{"line":43,"column":20},"end":{"line":43,"column":29}},"20":{"start":{"line":45,"column":12},"end":{"line":45,"column":22}},"21":{"start":{"line":46,"column":15},"end":{"line":53,"column":9}},"22":{"start":{"line":47,"column":12},"end":{"line":51,"column":13}},"23":{"start":{"line":48,"column":16},"end":{"line":48,"column":38}},"24":{"start":{"line":49,"column":16},"end":{"line":50,"column":29}},"25":{"start":{"line":50,"column":20},"end":{"line":50,"column":29}},"26":{"start":{"line":52,"column":12},"end":{"line":52,"column":22}},"27":{"start":{"line":60,"column":8},"end":{"line":69,"column":9}},"28":{"start":{"line":61,"column":12},"end":{"line":65,"column":13}},"29":{"start":{"line":62,"column":16},"end":{"line":62,"column":38}},"30":{"start":{"line":63,"column":16},"end":{"line":64,"column":29}},"31":{"start":{"line":64,"column":20},"end":{"line":64,"column":29}},"32":{"start":{"line":66,"column":12},"end":{"line":66,"column":29}},"33":{"start":{"line":67,"column":15},"end":{"line":69,"column":9}},"34":{"start":{"line":68,"column":12},"end":{"line":68,"column":34}},"35":{"start":{"line":76,"column":8},"end":{"line":76,"column":35}},"36":{"start":{"line":77,"column":8},"end":{"line":82,"column":28}},"37":{"start":{"line":78,"column":12},"end":{"line":78,"column":44}},"38":{"start":{"line":79,"column":12},"end":{"line":79,"column":90}},"39":{"start":{"line":81,"column":12},"end":{"line":81,"column":24}},"40":{"start":{"line":82,"column":15},"end":{"line":82,"column":28}},"41":{"start":{"line":86,"column":8},"end":{"line":86,"column":61}}},"branchMap":{"1":{"line":25,"type":"if","locations":[{"start":{"line":25,"column":8},"end":{"line":25,"column":8}},{"start":{"line":25,"column":8},"end":{"line":25,"column":8}}]},"2":{"line":39,"type":"if","locations":[{"start":{"line":39,"column":8},"end":{"line":39,"column":8}},{"start":{"line":39,"column":8},"end":{"line":39,"column":8}}]},"3":{"line":42,"type":"if","locations":[{"start":{"line":42,"column":16},"end":{"line":42,"column":16}},{"start":{"line":42,"column":16},"end":{"line":42,"column":16}}]},"4":{"line":46,"type":"if","locations":[{"start":{"line":46,"column":15},"end":{"line":46,"column":15}},{"start":{"line":46,"column":15},"end":{"line":46,"column":15}}]},"5":{"line":49,"type":"if","locations":[{"start":{"line":49,"column":16},"end":{"line":49,"column":16}},{"start":{"line":49,"column":16},"end":{"line":49,"column":16}}]},"6":{"line":60,"type":"if","locations":[{"start":{"line":60,"column":8},"end":{"line":60,"column":8}},{"start":{"line":60,"column":8},"end":{"line":60,"column":8}}]},"7":{"line":63,"type":"if","locations":[{"start":{"line":63,"column":16},"end":{"line":63,"column":16}},{"start":{"line":63,"column":16},"end":{"line":63,"column":16}}]},"8":{"line":67,"type":"if","locations":[{"start":{"line":67,"column":15},"end":{"line":67,"column":15}},{"start":{"line":67,"column":15},"end":{"line":67,"column":15}}]},"9":{"line":77,"type":"if","locations":[{"start":{"line":77,"column":8},"end":{"line":77,"column":8}},{"start":{"line":77,"column":8},"end":{"line":77,"column":8}}]}},"l":{"1":1,"2":4,"4":4,"6":4,"8":4,"14":1,"17":0,"21":0,"25":4,"26":4,"27":4,"29":4,"30":4,"31":4,"39":4,"40":2,"41":2,"42":2,"43":1,"45":1,"46":2,"47":2,"48":2,"49":2,"50":1,"52":1,"60":2,"61":2,"62":2,"63":2,"64":1,"66":1,"67":0,"68":0,"76":0,"77":0,"78":0,"79":0,"81":0,"82":0,"86":2}}}