TN:
SF:media/script/cobra.js
FN:7,Cobra
FN:15,(anonymous_2)
FN:20,(anonymous_3)
FN:25,(anonymous_4)
FN:32,(anonymous_5)
FN:36,(anonymous_6)
FN:41,(anonymous_7)
FN:50,(anonymous_8)
FN:56,(anonymous_9)
FN:60,(anonymous_10)
FN:64,(anonymous_11)
FN:68,(anonymous_12)
FN:73,(anonymous_13)
FNF:13
FNH:4
FNDA:1,Cobra
FNDA:1,(anonymous_2)
FNDA:1,(anonymous_3)
FNDA:0,(anonymous_4)
FNDA:0,(anonymous_5)
FNDA:0,(anonymous_6)
FNDA:1,(anonymous_7)
FNDA:0,(anonymous_8)
FNDA:0,(anonymous_9)
FNDA:0,(anonymous_10)
FNDA:0,(anonymous_11)
FNDA:0,(anonymous_12)
FNDA:0,(anonymous_13)
DA:7,1
DA:8,1
DA:9,1
DA:10,1
DA:11,1
DA:12,1
DA:15,1
DA:16,1
DA:17,1
DA:18,1
DA:20,1
DA:21,1
DA:22,1
DA:25,1
DA:27,0
DA:28,0
DA:29,0
DA:32,1
DA:33,0
DA:36,1
DA:37,0
DA:41,1
DA:42,1
DA:43,1
DA:44,1
DA:45,1
DA:46,1
DA:50,1
DA:51,0
DA:52,0
DA:56,1
DA:60,1
DA:64,1
DA:68,1
DA:73,1
LF:35
LH:28
BRDA:27,1,0,0
BRDA:27,1,1,0
BRDA:43,2,0,1
BRDA:43,2,1,0
BRDA:51,3,0,0
BRDA:51,3,1,0
BRF:6
BRH:1
end_of_record
TN:
SF:media/script/Tools.js
FN:4,(anonymous_1)
FN:26,(anonymous_2)
FN:34,(anonymous_3)
FN:46,(anonymous_4)
FN:51,(anonymous_5)
FN:57,(anonymous_6)
FN:66,(anonymous_7)
FN:71,(anonymous_8)
FN:87,(anonymous_9)
FN:97,(anonymous_10)
FN:105,(anonymous_11)
FN:124,(anonymous_12)
FN:129,(anonymous_13)
FN:145,(anonymous_14)
FN:161,(anonymous_15)
FN:170,(anonymous_16)
FN:180,(anonymous_17)
FN:192,(anonymous_18)
FN:196,(anonymous_19)
FN:231,(anonymous_20)
FN:232,(anonymous_21)
FN:236,(anonymous_22)
FN:237,(anonymous_23)
FN:241,(anonymous_24)
FN:246,(anonymous_25)
FNF:25
FNH:6
FNDA:31,(anonymous_1)
FNDA:0,(anonymous_2)
FNDA:0,(anonymous_3)
FNDA:0,(anonymous_4)
FNDA:0,(anonymous_5)
FNDA:1,(anonymous_6)
FNDA:0,(anonymous_7)
FNDA:0,(anonymous_8)
FNDA:62,(anonymous_9)
FNDA:0,(anonymous_10)
FNDA:0,(anonymous_11)
FNDA:3,(anonymous_12)
FNDA:1,(anonymous_13)
FNDA:0,(anonymous_14)
FNDA:0,(anonymous_15)
FNDA:0,(anonymous_16)
FNDA:0,(anonymous_17)
FNDA:0,(anonymous_18)
FNDA:5,(anonymous_19)
FNDA:0,(anonymous_20)
FNDA:0,(anonymous_21)
FNDA:0,(anonymous_22)
FNDA:0,(anonymous_23)
FNDA:0,(anonymous_24)
FNDA:0,(anonymous_25)
DA:3,5
DA:7,31
DA:8,31
DA:14,31
DA:17,31
DA:18,30
DA:19,30
DA:23,31
DA:27,0
DA:28,0
DA:29,0
DA:31,0
DA:35,0
DA:36,0
DA:37,0
DA:38,0
DA:39,0
DA:40,0
DA:41,0
DA:47,0
DA:52,0
DA:58,1
DA:59,1
DA:60,1
DA:61,1
DA:67,0
DA:68,0
DA:72,0
DA:73,0
DA:74,0
DA:75,0
DA:76,0
DA:77,0
DA:79,0
DA:80,0
DA:81,0
DA:84,0
DA:88,62
DA:89,62
DA:90,62
DA:91,62
DA:92,1430
DA:94,62
DA:102,0
DA:106,0
DA:107,0
DA:108,0
DA:109,0
DA:111,0
DA:112,0
DA:115,0
DA:116,0
DA:119,0
DA:121,0
DA:125,3
DA:126,3
DA:130,1
DA:132,1
DA:133,1
DA:134,1
DA:135,1
DA:140,0
DA:146,0
DA:147,0
DA:148,0
DA:149,0
DA:150,0
DA:153,0
DA:155,0
DA:156,0
DA:158,0
DA:162,0
DA:163,0
DA:164,0
DA:165,0
DA:167,0
DA:171,0
DA:172,0
DA:173,0
DA:174,0
DA:181,0
DA:182,0
DA:183,0
DA:184,0
DA:185,0
DA:186,0
DA:187,0
DA:188,0
DA:189,0
DA:193,0
DA:197,5
DA:198,5
DA:199,2
DA:201,3
DA:202,1
DA:204,2
DA:205,1
DA:207,5
DA:229,5
DA:231,5
DA:232,5
DA:236,5
DA:237,5
DA:238,0
DA:241,5
DA:242,0
DA:243,0
DA:246,5
DA:247,0
LF:109
LH:40
BRDA:17,1,0,30
BRDA:17,1,1,1
BRDA:36,2,0,0
BRDA:36,2,1,0
BRDA:79,3,0,0
BRDA:79,3,1,0
BRDA:79,4,0,0
BRDA:79,4,1,0
BRDA:90,5,0,38
BRDA:90,5,1,24
BRDA:90,6,0,62
BRDA:90,6,1,38
BRDA:111,7,0,0
BRDA:111,7,1,0
BRDA:115,8,0,0
BRDA:115,8,1,0
BRDA:126,9,0,3
BRDA:126,9,1,2
BRDA:126,9,2,2
BRDA:126,9,3,1
BRDA:126,9,4,1
BRDA:130,10,0,1
BRDA:130,10,1,0
BRDA:132,11,0,1
BRDA:132,11,1,0
BRDA:132,12,0,1
BRDA:132,12,1,1
BRDA:134,13,0,1
BRDA:134,13,1,0
BRDA:134,14,0,1
BRDA:134,14,1,1
BRDA:171,15,0,0
BRDA:171,15,1,0
BRDA:171,16,0,0
BRDA:171,16,1,0
BRDA:183,17,0,0
BRDA:183,17,1,0
BRDA:185,18,0,0
BRDA:185,18,1,0
BRDA:187,19,0,0
BRDA:187,19,1,0
BRDA:198,20,0,2
BRDA:198,20,1,3
BRDA:198,21,0,5
BRDA:198,21,1,4
BRDA:201,22,0,1
BRDA:201,22,1,2
BRDA:204,23,0,1
BRDA:204,23,1,1
BRDA:204,24,0,2
BRDA:204,24,1,1
BRF:51
BRH:28
end_of_record
TN:
SF:media/script/ListManager.js
FN:1,ListManager
FN:10,(anonymous_2)
FN:30,(anonymous_3)
FN:46,(anonymous_4)
FN:71,(anonymous_5)
FN:96,(anonymous_6)
FN:108,(anonymous_7)
FN:120,(anonymous_8)
FNF:8
FNH:7
FNDA:44,ListManager
FNDA:11,(anonymous_2)
FNDA:13,(anonymous_3)
FNDA:8,(anonymous_4)
FNDA:7,(anonymous_5)
FNDA:2,(anonymous_6)
FNDA:2,(anonymous_7)
FNDA:0,(anonymous_8)
DA:1,4
DA:3,44
DA:6,4
DA:12,11
DA:14,11
DA:15,0
DA:16,0
DA:17,0
DA:20,11
DA:23,11
DA:24,11
DA:32,13
DA:34,13
DA:35,5
DA:36,5
DA:37,1
DA:39,12
DA:47,8
DA:49,6
DA:51,6
DA:52,8
DA:53,8
DA:54,3
DA:56,3
DA:58,2
DA:59,2
DA:60,4
DA:61,4
DA:62,1
DA:64,1
DA:72,7
DA:73,7
DA:75,3
DA:76,4
DA:77,4
DA:78,2
DA:80,1
DA:82,4
DA:83,4
DA:84,6
DA:85,6
DA:86,3
DA:88,1
DA:97,2
DA:98,2
DA:99,1
DA:101,1
DA:109,2
DA:110,2
DA:111,1
DA:112,1
DA:114,1
DA:121,0
DA:122,0
DA:123,0
DA:125,0
LF:56
LH:49
BRDA:14,1,0,11
BRDA:14,1,1,0
BRDA:32,2,0,11
BRDA:32,2,1,2
BRDA:36,3,0,1
BRDA:36,3,1,4
BRDA:36,4,0,5
BRDA:36,4,1,1
BRDA:47,5,0,6
BRDA:47,5,1,2
BRDA:49,6,0,0
BRDA:49,6,1,6
BRDA:53,7,0,3
BRDA:53,7,1,5
BRDA:58,8,0,2
BRDA:58,8,1,0
BRDA:61,9,0,1
BRDA:61,9,1,3
BRDA:73,10,0,3
BRDA:73,10,1,4
BRDA:77,11,0,2
BRDA:77,11,1,2
BRDA:82,12,0,4
BRDA:82,12,1,0
BRDA:85,13,0,3
BRDA:85,13,1,3
BRDA:98,14,0,1
BRDA:98,14,1,1
BRDA:110,15,0,1
BRDA:110,15,1,1
BRDA:122,16,0,0
BRDA:122,16,1,0
BRF:32
BRH:26
end_of_record
TN:
SF:media/script/User.js
FN:1,User
FN:11,(anonymous_2)
FN:15,(anonymous_3)
FN:19,(anonymous_4)
FN:23,(anonymous_5)
FN:27,(anonymous_6)
FN:34,(anonymous_7)
FN:40,(anonymous_8)
FN:46,(anonymous_9)
FN:52,(anonymous_10)
FN:58,(anonymous_11)
FN:67,(anonymous_12)
FN:79,(anonymous_13)
FN:89,(anonymous_14)
FNF:14
FNH:10
FNDA:38,User
FNDA:4,(anonymous_2)
FNDA:0,(anonymous_3)
FNDA:76,(anonymous_4)
FNDA:4,(anonymous_5)
FNDA:4,(anonymous_6)
FNDA:34,(anonymous_7)
FNDA:1,(anonymous_8)
FNDA:0,(anonymous_9)
FNDA:2,(anonymous_10)
FNDA:0,(anonymous_11)
FNDA:2,(anonymous_12)
FNDA:1,(anonymous_13)
FNDA:0,(anonymous_14)
DA:1,4
DA:2,38
DA:3,38
DA:4,38
DA:5,38
DA:6,38
DA:7,38
DA:10,4
DA:12,4
DA:16,0
DA:20,76
DA:24,4
DA:28,4
DA:35,34
DA:41,1
DA:47,0
DA:53,2
DA:59,0
DA:68,2
DA:69,2
DA:70,2
DA:71,0
DA:80,1
DA:81,1
DA:82,1
DA:84,0
DA:90,0
DA:92,0
DA:93,0
DA:94,0
DA:95,0
DA:97,0
LF:32
LH:21
BRDA:69,1,0,2
BRDA:69,1,1,0
BRDA:69,2,0,2
BRDA:69,2,1,2
BRDA:80,3,0,1
BRDA:80,3,1,0
BRDA:80,4,0,1
BRDA:80,4,1,1
BRDA:80,4,2,1
BRF:9
BRH:7
end_of_record
TN:
SF:media/script/List.js
FN:1,List
FN:18,(anonymous_2)
FN:22,(anonymous_3)
FN:26,(anonymous_4)
FN:30,(anonymous_5)
FN:34,(anonymous_6)
FN:38,(anonymous_7)
FN:46,(anonymous_8)
FN:58,(anonymous_9)
FN:70,(anonymous_10)
FN:84,(anonymous_11)
FN:95,(anonymous_12)
FN:104,(anonymous_13)
FN:111,(anonymous_14)
FN:139,(anonymous_15)
FN:143,(anonymous_16)
FNF:16
FNH:10
FNDA:24,List
FNDA:32,(anonymous_2)
FNDA:10,(anonymous_3)
FNDA:15,(anonymous_4)
FNDA:0,(anonymous_5)
FNDA:0,(anonymous_6)
FNDA:0,(anonymous_7)
FNDA:2,(anonymous_8)
FNDA:6,(anonymous_9)
FNDA:18,(anonymous_10)
FNDA:14,(anonymous_11)
FNDA:4,(anonymous_12)
FNDA:0,(anonymous_13)
FNDA:0,(anonymous_14)
FNDA:14,(anonymous_15)
FNDA:0,(anonymous_16)
DA:1,4
DA:3,24
DA:4,24
DA:5,24
DA:6,24
DA:7,24
DA:9,24
DA:12,24
DA:13,24
DA:16,4
DA:19,32
DA:23,10
DA:27,15
DA:31,0
DA:35,0
DA:39,0
DA:47,2
DA:48,1
DA:50,1
DA:51,1
DA:59,6
DA:60,4
DA:61,4
DA:63,2
DA:71,18
DA:72,12
DA:73,12
DA:74,9
DA:77,9
DA:85,14
DA:86,14
DA:87,6
DA:88,8
DA:96,4
DA:97,2
DA:98,2
DA:99,2
DA:101,2
DA:105,0
DA:114,0
DA:119,0
DA:121,0
DA:126,0
DA:127,0
DA:128,0
DA:131,0
DA:133,0
DA:140,14
DA:144,0
DA:146,0
DA:147,0
DA:148,0
DA:149,0
DA:150,0
DA:151,0
DA:152,0
DA:153,0
DA:154,0
DA:156,0
LF:59
LH:36
BRDA:47,1,0,1
BRDA:47,1,1,1
BRDA:59,2,0,4
BRDA:59,2,1,2
BRDA:73,3,0,9
BRDA:73,3,1,3
BRDA:86,4,0,6
BRDA:86,4,1,8
BRDA:96,5,0,2
BRDA:96,5,1,2
BRDA:96,6,0,4
BRDA:96,6,1,3
BRDA:119,7,0,0
BRDA:119,7,1,0
BRDA:140,8,0,14
BRDA:140,8,1,6
BRDA:140,8,2,6
BRF:17
BRH:15
end_of_record
TN:
SF:media/script/UserManager.js
FN:1,UserManager
FN:16,(anonymous_2)
FN:20,(anonymous_3)
FN:24,(anonymous_4)
FN:38,(anonymous_5)
FN:59,(anonymous_6)
FN:75,(anonymous_7)
FN:85,(anonymous_8)
FNF:8
FNH:5
FNDA:4,UserManager
FNDA:0,(anonymous_2)
FNDA:0,(anonymous_3)
FNDA:4,(anonymous_4)
FNDA:4,(anonymous_5)
FNDA:2,(anonymous_6)
FNDA:0,(anonymous_7)
FNDA:2,(anonymous_8)
DA:1,1
DA:2,4
DA:4,4
DA:6,4
DA:8,4
DA:14,1
DA:17,0
DA:21,0
DA:25,4
DA:26,4
DA:27,4
DA:29,4
DA:30,4
DA:31,4
DA:39,4
DA:40,2
DA:41,2
DA:42,2
DA:43,1
DA:45,1
DA:46,2
DA:47,2
DA:48,2
DA:49,2
DA:50,1
DA:52,1
DA:60,2
DA:61,2
DA:62,2
DA:63,2
DA:64,1
DA:66,1
DA:67,0
DA:68,0
DA:76,0
DA:77,0
DA:78,0
DA:79,0
DA:81,0
DA:82,0
DA:86,2
LF:41
LH:31
BRDA:25,1,0,4
BRDA:25,1,1,0
BRDA:39,2,0,2
BRDA:39,2,1,2
BRDA:42,3,0,1
BRDA:42,3,1,1
BRDA:46,4,0,2
BRDA:46,4,1,0
BRDA:49,5,0,1
BRDA:49,5,1,1
BRDA:60,6,0,2
BRDA:60,6,1,0
BRDA:63,7,0,1
BRDA:63,7,1,1
BRDA:67,8,0,0
BRDA:67,8,1,0
BRDA:77,9,0,0
BRDA:77,9,1,0
BRF:18
BRH:11
end_of_record
